<?xml version="1.0" encoding="UTF-8"?>
<!-- Generated by org.testng.reporters.JUnitReportReporter -->
<testsuite skipped="0" hostname="LNLA002P3014" name="MavenPackage.MavenProject.Mavenclass1Test" tests="2" failures="0" timestamp="10 Apr 2020 10:18:38 GMT" time="0.095" errors="0">
  <testcase name="secondmethod" time="0.032" classname="MavenPackage.MavenProject.Mavenclass1Test"/>
  <testcase name="firstmethod" time="0.063" classname="MavenPackage.MavenProject.Mavenclass1Test"/>
</testsuite> <!-- MavenPackage.MavenProject.Mavenclass1Test -->
