<?xml version="1.0" encoding="UTF-8"?>
<!-- Generated by org.testng.reporters.JUnitReportReporter -->
<testsuite skipped="0" hostname="LNLA002P3014" name="MavenPackage.MavenProject.Mavenclass2Test" tests="2" failures="0" timestamp="12 Apr 2020 06:30:14 GMT" time="0.032" errors="0">
  <testcase name="thirdmethod" time="0.000" classname="MavenPackage.MavenProject.Mavenclass2Test"/>
  <testcase name="fourthmethod" time="0.032" classname="MavenPackage.MavenProject.Mavenclass2Test"/>
</testsuite> <!-- MavenPackage.MavenProject.Mavenclass2Test -->
