<?xml version="1.0" encoding="UTF-8"?>
<!-- Generated by org.testng.reporters.JUnitReportReporter -->
<testsuite skipped="0" hostname="LNLA002P3014" name="MavenPackage.MavenProject.Mavenclass1Test" tests="2" failures="0" timestamp="12 Apr 2020 06:30:14 GMT" time="0.004" errors="0">
  <testcase name="secondmethod" time="0.000" classname="MavenPackage.MavenProject.Mavenclass1Test"/>
  <testcase name="firstmethod" time="0.004" classname="MavenPackage.MavenProject.Mavenclass1Test"/>
</testsuite> <!-- MavenPackage.MavenProject.Mavenclass1Test -->
